<?xml version="1.0" encoding="UTF-8"?>
<testng-results ignored="0" total="7" passed="7" failed="0" skipped="0">
  <reporter-output>
  </reporter-output>
  <suite started-at="2023-11-07T18:15:51 IST" name="API Regression Suite" finished-at="2023-11-07T18:16:00 IST" duration-ms="8812">
    <groups>
    </groups>
    <test started-at="2023-11-07T18:15:51 IST" name="Go Rest get API Test" finished-at="2023-11-07T18:15:55 IST" duration-ms="3893">
      <class name="com.qa.gorest.tests.GetUserTest">
        <test-method is-config="true" signature="setUp(java.lang.String)[pri:0, instance:com.qa.gorest.tests.GetUserTest@2766ca9d]" started-at="2023-11-07T18:15:51 IST" name="setUp" finished-at="2023-11-07T18:15:52 IST" duration-ms="356" status="PASS">
          <params>
            <param index="0">
              <value>
                <![CDATA[https://gorest.co.in]]>
              </value>
            </param>
          </params>
          <reporter-output>
          </reporter-output>
        </test-method> <!-- setUp -->
        <test-method is-config="true" signature="getSetUp()[pri:0, instance:com.qa.gorest.tests.GetUserTest@2766ca9d]" started-at="2023-11-07T18:15:52 IST" name="getSetUp" finished-at="2023-11-07T18:15:52 IST" duration-ms="179" status="PASS">
          <reporter-output>
          </reporter-output>
        </test-method> <!-- getSetUp -->
        <test-method signature="getAllUsersTst()[pri:0, instance:com.qa.gorest.tests.GetUserTest@2766ca9d]" started-at="2023-11-07T18:15:52 IST" name="getAllUsersTst" finished-at="2023-11-07T18:15:54 IST" duration-ms="1771" status="PASS">
          <reporter-output>
          </reporter-output>
        </test-method> <!-- getAllUsersTst -->
        <test-method is-config="true" signature="getSetUp()[pri:0, instance:com.qa.gorest.tests.GetUserTest@2766ca9d]" started-at="2023-11-07T18:15:54 IST" name="getSetUp" finished-at="2023-11-07T18:15:54 IST" duration-ms="1" status="PASS">
          <reporter-output>
          </reporter-output>
        </test-method> <!-- getSetUp -->
        <test-method signature="getUserTest()[pri:0, instance:com.qa.gorest.tests.GetUserTest@2766ca9d]" started-at="2023-11-07T18:15:54 IST" name="getUserTest" finished-at="2023-11-07T18:15:55 IST" duration-ms="1047" status="PASS">
          <reporter-output>
          </reporter-output>
        </test-method> <!-- getUserTest -->
        <test-method is-config="true" signature="getSetUp()[pri:0, instance:com.qa.gorest.tests.GetUserTest@2766ca9d]" started-at="2023-11-07T18:15:55 IST" name="getSetUp" finished-at="2023-11-07T18:15:55 IST" duration-ms="1" status="PASS">
          <reporter-output>
          </reporter-output>
        </test-method> <!-- getSetUp -->
        <test-method signature="getUserWithQueryParamsTest()[pri:0, instance:com.qa.gorest.tests.GetUserTest@2766ca9d]" started-at="2023-11-07T18:15:55 IST" name="getUserWithQueryParamsTest" finished-at="2023-11-07T18:15:55 IST" duration-ms="410" status="PASS">
          <reporter-output>
          </reporter-output>
        </test-method> <!-- getUserWithQueryParamsTest -->
      </class> <!-- com.qa.gorest.tests.GetUserTest -->
    </test> <!-- Go Rest get API Test -->
    <test started-at="2023-11-07T18:15:55 IST" name="Go Rest create API Test" finished-at="2023-11-07T18:15:59 IST" duration-ms="3324">
      <class name="com.qa.gorest.tests.CreateUserTest">
        <test-method is-config="true" signature="setUp(java.lang.String)[pri:0, instance:com.qa.gorest.tests.CreateUserTest@7ac0e420]" started-at="2023-11-07T18:15:55 IST" name="setUp" finished-at="2023-11-07T18:15:55 IST" duration-ms="1" status="PASS">
          <params>
            <param index="0">
              <value>
                <![CDATA[https://gorest.co.in]]>
              </value>
            </param>
          </params>
          <reporter-output>
          </reporter-output>
        </test-method> <!-- setUp -->
        <test-method is-config="true" signature="getUserSetUp()[pri:0, instance:com.qa.gorest.tests.CreateUserTest@7ac0e420]" started-at="2023-11-07T18:15:55 IST" name="getUserSetUp" finished-at="2023-11-07T18:15:55 IST" duration-ms="1" status="PASS">
          <reporter-output>
          </reporter-output>
        </test-method> <!-- getUserSetUp -->
        <test-method signature="getAllUsersTest(java.lang.String,java.lang.String,java.lang.String)[pri:0, instance:com.qa.gorest.tests.CreateUserTest@7ac0e420]" started-at="2023-11-07T18:15:55 IST" name="getAllUsersTest" data-provider="getUserTestData" finished-at="2023-11-07T18:15:57 IST" duration-ms="1212" status="PASS">
          <params>
            <param index="0">
              <value>
                <![CDATA[kar]]>
              </value>
            </param>
            <param index="1">
              <value>
                <![CDATA[male]]>
              </value>
            </param>
            <param index="2">
              <value>
                <![CDATA[inactive]]>
              </value>
            </param>
          </params>
          <reporter-output>
          </reporter-output>
        </test-method> <!-- getAllUsersTest -->
        <test-method is-config="true" signature="getUserSetUp()[pri:0, instance:com.qa.gorest.tests.CreateUserTest@7ac0e420]" started-at="2023-11-07T18:15:57 IST" name="getUserSetUp" finished-at="2023-11-07T18:15:57 IST" duration-ms="1" status="PASS">
          <reporter-output>
          </reporter-output>
        </test-method> <!-- getUserSetUp -->
        <test-method signature="getAllUsersTest(java.lang.String,java.lang.String,java.lang.String)[pri:0, instance:com.qa.gorest.tests.CreateUserTest@7ac0e420]" started-at="2023-11-07T18:15:57 IST" name="getAllUsersTest" data-provider="getUserTestData" finished-at="2023-11-07T18:15:58 IST" duration-ms="1040" status="PASS">
          <params>
            <param index="0">
              <value>
                <![CDATA[kar12]]>
              </value>
            </param>
            <param index="1">
              <value>
                <![CDATA[female]]>
              </value>
            </param>
            <param index="2">
              <value>
                <![CDATA[active]]>
              </value>
            </param>
          </params>
          <reporter-output>
          </reporter-output>
        </test-method> <!-- getAllUsersTest -->
        <test-method is-config="true" signature="getUserSetUp()[pri:0, instance:com.qa.gorest.tests.CreateUserTest@7ac0e420]" started-at="2023-11-07T18:15:58 IST" name="getUserSetUp" finished-at="2023-11-07T18:15:58 IST" duration-ms="1" status="PASS">
          <reporter-output>
          </reporter-output>
        </test-method> <!-- getUserSetUp -->
        <test-method signature="getAllUsersTest(java.lang.String,java.lang.String,java.lang.String)[pri:0, instance:com.qa.gorest.tests.CreateUserTest@7ac0e420]" started-at="2023-11-07T18:15:58 IST" name="getAllUsersTest" data-provider="getUserTestData" finished-at="2023-11-07T18:15:59 IST" duration-ms="1044" status="PASS">
          <params>
            <param index="0">
              <value>
                <![CDATA[sevb]]>
              </value>
            </param>
            <param index="1">
              <value>
                <![CDATA[male]]>
              </value>
            </param>
            <param index="2">
              <value>
                <![CDATA[active]]>
              </value>
            </param>
          </params>
          <reporter-output>
          </reporter-output>
        </test-method> <!-- getAllUsersTest -->
      </class> <!-- com.qa.gorest.tests.CreateUserTest -->
    </test> <!-- Go Rest create API Test -->
    <test started-at="2023-11-07T18:15:59 IST" name="Circuit API Test" finished-at="2023-11-07T18:16:00 IST" duration-ms="1355">
      <class name="com.qa.gorest.tests.CircuitTest">
        <test-method is-config="true" signature="setUp(java.lang.String)[pri:0, instance:com.qa.gorest.tests.CircuitTest@503ecb24]" started-at="2023-11-07T18:15:59 IST" name="setUp" finished-at="2023-11-07T18:15:59 IST" duration-ms="1" status="PASS">
          <params>
            <param index="0">
              <value>
                <![CDATA[https://ergast.com]]>
              </value>
            </param>
          </params>
          <reporter-output>
          </reporter-output>
        </test-method> <!-- setUp -->
        <test-method is-config="true" signature="getSetUp()[pri:0, instance:com.qa.gorest.tests.CircuitTest@503ecb24]" started-at="2023-11-07T18:15:59 IST" name="getSetUp" finished-at="2023-11-07T18:15:59 IST" duration-ms="1" status="PASS">
          <reporter-output>
          </reporter-output>
        </test-method> <!-- getSetUp -->
        <test-method signature="getCircuitTest()[pri:0, instance:com.qa.gorest.tests.CircuitTest@503ecb24]" started-at="2023-11-07T18:15:59 IST" name="getCircuitTest" finished-at="2023-11-07T18:16:00 IST" duration-ms="1346" status="PASS">
          <reporter-output>
          </reporter-output>
        </test-method> <!-- getCircuitTest -->
      </class> <!-- com.qa.gorest.tests.CircuitTest -->
    </test> <!-- Circuit API Test -->
  </suite> <!-- API Regression Suite -->
</testng-results>
