<?xml version="1.0" encoding="UTF-8"?>
<!-- Generated by org.testng.reporters.JUnitXMLReporter -->
<testsuite ignored="0" hostname="VKN-CPU-0145" failures="0" tests="3" name="Go Rest API Test" time="3.699" errors="0" timestamp="2023-11-07T17:12:39 IST">
  <testcase classname="com.qa.gorest.tests.GetUserTest" name="getAllUsersTst" time="1.599"/>
  <testcase classname="com.qa.gorest.tests.GetUserTest" name="getUserTest" time="0.946"/>
  <testcase classname="com.qa.gorest.tests.GetUserTest" name="getUserWithQueryParamsTest" time="0.479"/>
</testsuite> <!-- Go Rest API Test -->
