<?xml version="1.0" encoding="UTF-8"?>
<!-- Generated by org.testng.reporters.JUnitXMLReporter -->
<testsuite ignored="0" hostname="VKN-CPU-0145" failures="0" tests="3" name="Go Rest get API Test" time="3.893" errors="0" timestamp="2023-11-07T18:15:55 IST">
  <testcase classname="com.qa.gorest.tests.GetUserTest" name="getAllUsersTst" time="1.771"/>
  <testcase classname="com.qa.gorest.tests.GetUserTest" name="getUserTest" time="1.047"/>
  <testcase classname="com.qa.gorest.tests.GetUserTest" name="getUserWithQueryParamsTest" time="0.41"/>
</testsuite> <!-- Go Rest get API Test -->
