<?xml version="1.0" encoding="UTF-8"?>
<!-- Generated by org.testng.reporters.JUnitXMLReporter -->
<testsuite ignored="0" hostname="VKN-CPU-0145" failures="0" tests="3" name="Go Rest create API Test" time="3.324" errors="0" timestamp="2023-11-07T18:15:59 IST">
  <testcase classname="com.qa.gorest.tests.CreateUserTest" name="getAllUsersTest" time="1.212"/>
  <testcase classname="com.qa.gorest.tests.CreateUserTest" name="getAllUsersTest" time="1.04"/>
  <testcase classname="com.qa.gorest.tests.CreateUserTest" name="getAllUsersTest" time="1.044"/>
</testsuite> <!-- Go Rest create API Test -->
